0 info it worked if it ends with ok
1 verbose cli [ '/usr/bin/node', '/usr/bin/npm', 'install' ]
2 info using npm@1.2.14
3 info using node@v0.10.0
4 verbose read json /home/ashnur/work/vatrix/package.json
5 verbose readDependencies using package.json deps
6 verbose install where, deps [ '/home/ashnur/work/vatrix',
6 verbose install   [ 'rationals', 'totemizer', 'momentum', 'mocha', 'expect.js' ] ]
7 verbose from cache /home/ashnur/work/vatrix/package.json
8 info preinstall vatrix@0.0.3
9 verbose read json /home/ashnur/work/vatrix/node_modules/better-stack-traces/package.json
10 verbose read json /home/ashnur/work/vatrix/node_modules/expect.js/package.json
11 verbose read json /home/ashnur/work/vatrix/node_modules/mocha/package.json
12 verbose read json /home/ashnur/work/vatrix/node_modules/momentum/package.json
13 verbose read json /home/ashnur/work/vatrix/node_modules/rationals/package.json
14 verbose read json /home/ashnur/work/vatrix/node_modules/totemizer/package.json
15 verbose from cache /home/ashnur/work/vatrix/package.json
16 verbose readDependencies using package.json deps
17 verbose from cache /home/ashnur/work/vatrix/node_modules/better-stack-traces/package.json
18 verbose from cache /home/ashnur/work/vatrix/node_modules/expect.js/package.json
19 verbose from cache /home/ashnur/work/vatrix/node_modules/mocha/package.json
20 verbose from cache /home/ashnur/work/vatrix/node_modules/momentum/package.json
21 verbose from cache /home/ashnur/work/vatrix/node_modules/rationals/package.json
22 verbose from cache /home/ashnur/work/vatrix/node_modules/totemizer/package.json
23 verbose already installed skipping expect.js@* /home/ashnur/work/vatrix
24 verbose cache add [ 'rationals@~0.0.14', null ]
25 verbose cache add name=undefined spec="rationals@~0.0.14" args=["rationals@~0.0.14",null]
26 verbose parsed url { protocol: null,
26 verbose parsed url   slashes: null,
26 verbose parsed url   auth: null,
26 verbose parsed url   host: null,
26 verbose parsed url   port: null,
26 verbose parsed url   hostname: null,
26 verbose parsed url   hash: null,
26 verbose parsed url   search: null,
26 verbose parsed url   query: null,
26 verbose parsed url   pathname: 'rationals@~0.0.14',
26 verbose parsed url   path: 'rationals@~0.0.14',
26 verbose parsed url   href: 'rationals@~0.0.14' }
27 verbose cache add name="rationals" spec="~0.0.14" args=["rationals","~0.0.14"]
28 verbose parsed url { protocol: null,
28 verbose parsed url   slashes: null,
28 verbose parsed url   auth: null,
28 verbose parsed url   host: null,
28 verbose parsed url   port: null,
28 verbose parsed url   hostname: null,
28 verbose parsed url   hash: null,
28 verbose parsed url   search: null,
28 verbose parsed url   query: null,
28 verbose parsed url   pathname: '~0.0.14',
28 verbose parsed url   path: '~0.0.14',
28 verbose parsed url   href: '~0.0.14' }
29 verbose addNamed [ 'rationals', '~0.0.14' ]
30 verbose addNamed [ null, '>=0.0.14- <0.1.0-' ]
31 verbose already installed skipping totemizer@~0.0.5 /home/ashnur/work/vatrix
32 verbose cache add [ 'momentum@~0.0.11', null ]
33 verbose cache add name=undefined spec="momentum@~0.0.11" args=["momentum@~0.0.11",null]
34 verbose parsed url { protocol: null,
34 verbose parsed url   slashes: null,
34 verbose parsed url   auth: null,
34 verbose parsed url   host: null,
34 verbose parsed url   port: null,
34 verbose parsed url   hostname: null,
34 verbose parsed url   hash: null,
34 verbose parsed url   search: null,
34 verbose parsed url   query: null,
34 verbose parsed url   pathname: 'momentum@~0.0.11',
34 verbose parsed url   path: 'momentum@~0.0.11',
34 verbose parsed url   href: 'momentum@~0.0.11' }
35 verbose cache add name="momentum" spec="~0.0.11" args=["momentum","~0.0.11"]
36 verbose parsed url { protocol: null,
36 verbose parsed url   slashes: null,
36 verbose parsed url   auth: null,
36 verbose parsed url   host: null,
36 verbose parsed url   port: null,
36 verbose parsed url   hostname: null,
36 verbose parsed url   hash: null,
36 verbose parsed url   search: null,
36 verbose parsed url   query: null,
36 verbose parsed url   pathname: '~0.0.11',
36 verbose parsed url   path: '~0.0.11',
36 verbose parsed url   href: '~0.0.11' }
37 verbose addNamed [ 'momentum', '~0.0.11' ]
38 verbose addNamed [ null, '>=0.0.11- <0.1.0-' ]
39 verbose already installed skipping mocha@* /home/ashnur/work/vatrix
40 silly lockFile ee889184-rationals-0-0-14 rationals@~0.0.14
41 verbose lock rationals@~0.0.14 /home/ashnur/.npm/ee889184-rationals-0-0-14.lock
42 silly lockFile 9b9fa00f-momentum-0-0-11 momentum@~0.0.11
43 verbose lock momentum@~0.0.11 /home/ashnur/.npm/9b9fa00f-momentum-0-0-11.lock
44 silly addNameRange { name: 'rationals', range: '>=0.0.14- <0.1.0-', hasData: false }
45 silly addNameRange { name: 'momentum', range: '>=0.0.11- <0.1.0-', hasData: false }
46 verbose url raw momentum
47 verbose url resolving [ 'https://registry.npmjs.org/', './momentum' ]
48 verbose url resolved https://registry.npmjs.org/momentum
49 info trying registry request attempt 1 at 15:50:52
50 http GET https://registry.npmjs.org/momentum
51 verbose url raw rationals
52 verbose url resolving [ 'https://registry.npmjs.org/', './rationals' ]
53 verbose url resolved https://registry.npmjs.org/rationals
54 info trying registry request attempt 1 at 15:50:52
55 verbose etag "EG6XGXYB0NJDW5XO8Q6NATJEU"
56 http GET https://registry.npmjs.org/rationals
57 http 304 https://registry.npmjs.org/rationals
58 silly registry.get cb [ 304,
58 silly registry.get   { server: 'CouchDB/1.2.1 (Erlang OTP/R15B03)',
58 silly registry.get     etag: '"EG6XGXYB0NJDW5XO8Q6NATJEU"',
58 silly registry.get     date: 'Tue, 26 Mar 2013 13:50:51 GMT',
58 silly registry.get     'content-length': '0' } ]
59 verbose etag rationals from cache
60 silly addNameRange number 2 { name: 'rationals', range: '>=0.0.14- <0.1.0-', hasData: true }
61 silly addNameRange versions [ 'rationals',
61 silly addNameRange   [ '0.0.0',
61 silly addNameRange     '0.0.1',
61 silly addNameRange     '0.0.2',
61 silly addNameRange     '0.0.3',
61 silly addNameRange     '0.0.5',
61 silly addNameRange     '0.0.8',
61 silly addNameRange     '0.0.9',
61 silly addNameRange     '0.0.11',
61 silly addNameRange     '0.0.12',
61 silly addNameRange     '0.0.13',
61 silly addNameRange     '0.0.14' ] ]
62 verbose addNamed [ 'rationals', '0.0.14' ]
63 verbose addNamed [ '0.0.14', '0.0.14' ]
64 silly lockFile a729b02b-rationals-0-0-14 rationals@0.0.14
65 verbose lock rationals@0.0.14 /home/ashnur/.npm/a729b02b-rationals-0-0-14.lock
66 verbose read json /home/ashnur/.npm/rationals/0.0.14/package/package.json
67 silly lockFile a729b02b-rationals-0-0-14 rationals@0.0.14
68 silly lockFile a729b02b-rationals-0-0-14 rationals@0.0.14
69 silly lockFile ee889184-rationals-0-0-14 rationals@~0.0.14
70 silly lockFile ee889184-rationals-0-0-14 rationals@~0.0.14
71 http 200 https://registry.npmjs.org/momentum
72 silly registry.get cb [ 200,
72 silly registry.get   { vary: 'Accept',
72 silly registry.get     server: 'CouchDB/1.2.1 (Erlang OTP/R15B03)',
72 silly registry.get     etag: '"C41UJQ8LWC5ZK8NC703Y1C0NT"',
72 silly registry.get     date: 'Tue, 26 Mar 2013 13:50:51 GMT',
72 silly registry.get     'content-type': 'application/json',
72 silly registry.get     'content-length': '27853' } ]
73 silly addNameRange number 2 { name: 'momentum', range: '>=0.0.11- <0.1.0-', hasData: true }
74 silly addNameRange versions [ 'momentum',
74 silly addNameRange   [ '0.0.0',
74 silly addNameRange     '0.0.4',
74 silly addNameRange     '0.0.5',
74 silly addNameRange     '0.0.6',
74 silly addNameRange     '0.0.7',
74 silly addNameRange     '0.0.8',
74 silly addNameRange     '0.0.9',
74 silly addNameRange     '0.0.10',
74 silly addNameRange     '0.0.11' ] ]
75 verbose addNamed [ 'momentum', '0.0.11' ]
76 verbose addNamed [ '0.0.11', '0.0.11' ]
77 silly lockFile 07fbc2c9-momentum-0-0-11 momentum@0.0.11
78 verbose lock momentum@0.0.11 /home/ashnur/.npm/07fbc2c9-momentum-0-0-11.lock
79 verbose read json /home/ashnur/.npm/momentum/0.0.11/package/package.json
80 silly lockFile 07fbc2c9-momentum-0-0-11 momentum@0.0.11
81 silly lockFile 07fbc2c9-momentum-0-0-11 momentum@0.0.11
82 silly lockFile 9b9fa00f-momentum-0-0-11 momentum@~0.0.11
83 silly lockFile 9b9fa00f-momentum-0-0-11 momentum@~0.0.11
84 silly resolved [ { name: 'rationals',
84 silly resolved     description: 'rational numbers with operations',
84 silly resolved     version: '0.0.14',
84 silly resolved     main: 'index.js',
84 silly resolved     scripts: { test: 'mocha', prepublish: 'npm test' },
84 silly resolved     dependencies: { totemizer: '0.0.4', boo: '~1.2.4' },
84 silly resolved     devDependencies: { mocha: '*', 'expect.js': '*' },
84 silly resolved     repository: { type: 'git', url: 'https://github.com/ashnur/rationals.git' },
84 silly resolved     bugs: { url: 'https://github.com/ashnur/rationals/issues' },
84 silly resolved     testling: { files: 'test/*.js', browsers: [Object], harness: 'mocha' },
84 silly resolved     keywords:
84 silly resolved      [ 'rational numbers',
84 silly resolved        'rationals',
84 silly resolved        'rational arithmetic',
84 silly resolved        'dividing with zero',
84 silly resolved        'infinity',
84 silly resolved        'origo',
84 silly resolved        'numbers' ],
84 silly resolved     author: { name: 'ashnur' },
84 silly resolved     license: 'DAFUQ',
84 silly resolved     readmeFilename: 'README.md',
84 silly resolved     readme: '# rationals\n_extended rational number type for javascript_\n\nWhy I think this lib is great:\n\n- Representing fractions is not just easy, but it\'s natural. This is what\nrational numbers do best. Operations like `0.1 + 0.2` are a pain in js,\nbut using rational numbers, it\'s just: `r(1,10).plus(1,5) === r(3,10)`\n\n- This lib provides a type of object which will work with 1/0 or 0/0 just as well.\nThis is especially useful if you plan to plot values on a graph.\n\nI\'ve got the inspiration for this lib from here: [MF105: The extended rational numbers in practice](http://www.youtube.com/watch?v=YMQkLojL2ek)\n\n# Support\n[![browser support](https://ci.testling.com/ashnur/rationals.png)](https://ci.testling.com/ashnur/rationals)\n\n\n\n\n# Examples\n```\nvar r = require(\'rationals\');\n\nr(1) === r(1); // true, denominator of 1 is optional\n\nr(1,1) === r(1); // true\n\nr(2,4) === r(13,26); // true, all rationals will be always reduced\n\nr(100,50) === r(2); // true\n\nr(1,2).plus(r(1,3)).minus(r(1,4)).times(r(1,5)).per(r(1,6)) === r(49,70); // true, chaining works\n\nr(355,113).val(); // 3.1415929203539825, my personal favorite aproximation of Pi, from ancient china\n\n\n```\n\n# API\n- _a & b are objects created with the rationals() function_\n( I deleted the internal checks for this, so you should make sure to construct the numbers yourself)\n- in the parentheses you have some common aliases for the functions\n\n\n#### Addition\n- add (plus)\n\n    `a.add(b)`\n\n#### Subtraction\n- subtract (minus, sub)\n\n    `a.sub(b)`\n\n#### Multiplication\n- multiply (times, mul)\n\n    `a.mul(b)`\n\n#### Division\n- divide (per, div)\n\n    `a.div(b)`\n\n#### Examining\n- toString\n\n    Examining an object can be hard, but if you cast it to a string: `r(355,113)+\'\'` will return `\'355/113\'`.\n\n    So will `r(625/125).toString()` return `\'5/1\'`.\n\n#### Display\n- display\n\n    Just like toString(), but the numerator will be shown only if it\'s not 1. That is, integers will appear without a slash and a denominator.\n\n    `r(625/125).display()` returns `\'5\'`.\n\n#### Approximation\n- val\n\n    Will return the numerator divided with the denominator.\n\n    `r(355,113).val(); //3.1415929203539825`\n\n# Good to know\nIf you provide anything else as the numerator, than a whole number in base 10 an exception will be thrown.\nOn the other hand, if you do the same with the denominator, it will be cast to 1. This is because\nI am lazy, and I do not want to handle wrong values and undefined values differently throwing for the former\nand casting to 1 for the latter.\n\n# Install\n```\nnpm install rationals\n```\n\n**You can use it in the browser with [browserify](http://browserify.org/)**\n',
84 silly resolved     _id: 'rationals@0.0.14',
84 silly resolved     _from: 'rationals@~0.0.14' },
84 silly resolved   { name: 'momentum',
84 silly resolved     description: 'Basic vector operations',
84 silly resolved     version: '0.0.11',
84 silly resolved     main: 'index.js',
84 silly resolved     scripts: { test: 'mocha', prepublish: 'npm test' },
84 silly resolved     dependencies: { totemizer: '~0.0.5', rationals: '~0.0.14' },
84 silly resolved     devDependencies: { mocha: '*', 'expect.js': '*' },
84 silly resolved     repository: { type: 'git', url: 'git://github.com/ashnur/momentum.git' },
84 silly resolved     bugs: { url: 'https://github.com/ashnur/momentum/issues' },
84 silly resolved     testling: { files: 'test/*.js', browsers: [Object], harness: 'mocha' },
84 silly resolved     keywords: [ 'vectors', 'vector operations' ],
84 silly resolved     author: { name: 'ashnur' },
84 silly resolved     license: 'DAFUQ',
84 silly resolved     readmeFilename: 'README.md',
84 silly resolved     readme: '# momentum\n\nBasic vector operations over the rational numbers.\n\n# Support\n[![browser support](https://ci.testling.com/ashnur/momentum.png)](https://ci.testling.com/ashnur/momentum)\n\n# Examples\nwhere `m.r` is the [rationals](https://github.com/ashnur/rationals/) used by momentum\n```\nvar m = require(\'momentum\');\nm([1])[0] === m.r(1); // true\n```\n\nwhile in the case of *rationals* it made sense to keep direct equality between the\ncreated objects, I think this is not the case with momentum.\nHowever this might change some time in the future.\n\nAnother issue is that no matter how much I wish, there isn\'t a good, widely supported\nway to subclass array (not untile es6 is widely supported). The workarounds available\nkinda create more problems than they solve, so after a day of thinking I went\nin the minimalist direction. This also means, that while momentum methods expect\narrays and scalars with add, sub, scale, disperse, dot methods on them, the module\'s\nuser should provide these methods.\n\nProbably worth to mention, that the API gives you easy solution to this:\n\n```\nvar m = require(\'momentum\');\nvar equal = require(\'deep-equal\');\nvar r = m.r;\nequal(m.disperse(m([1,4,7,9,16]), r(12)), m([r(1,12),r(1,3),r(7,12),r(3,4),r(4,3)])); // true\n```\n\n# API\nall methods on momentum objects  will return an array of rationals\nwith the exception of `.dot`, which will return a single rational\n\n#### Casting an array of integers to rationals\n##### `momentum()`\n```\nm([3])[0].toString()  // 3/1\n```\n\n#### Casting an integer to a rational\n##### `momentum.r()`\n```\nm.r(5).toString()  // 5/1\n```\n\n#### Scaling up\n##### `scale`\n```\nm.scale(m([1,3,5]), m.r(7))  // [7/1,21/1,35/1]\n```\n\n#### Scaling down\n##### `disperse`\n```\nm.disperse(m([1,3,5]), m.r(9)) // [1/9,1/3,5/9]\n```\n\n#### Addition\n##### `add`\n```\nm.add(m([1,3,5]), m([2,4,6])) // [3/1,7/1,11/1]\n```\n\n#### Subtraction\n##### `sub`\n```\nm.sub(m([3,7,11]), m([2,4,6])) // [1/1,3/1,5/1]\n```\n\n#### Dot product\n##### `dot`\n```\nm.dot(m([1,3,5]), m([7,11,13])) // 105/1\n```\n\n\n# Install\n```\nnpm install momentum\n```\n\n\n**You can use it in the browser with [browserify](http://browserify.org/)**\n\n',
84 silly resolved     _id: 'momentum@0.0.11',
84 silly resolved     _from: 'momentum@~0.0.11' } ]
85 info install rationals@0.0.14 into /home/ashnur/work/vatrix
86 info install momentum@0.0.11 into /home/ashnur/work/vatrix
87 info installOne rationals@0.0.14
88 info installOne momentum@0.0.11
89 verbose from cache /home/ashnur/.npm/rationals/0.0.14/package/package.json
90 info /home/ashnur/work/vatrix/node_modules/rationals unbuild
91 verbose from cache /home/ashnur/work/vatrix/node_modules/rationals/package.json
92 info preuninstall rationals@0.0.13
93 verbose from cache /home/ashnur/.npm/momentum/0.0.11/package/package.json
94 info /home/ashnur/work/vatrix/node_modules/momentum unbuild
95 verbose from cache /home/ashnur/work/vatrix/node_modules/momentum/package.json
96 info preuninstall momentum@0.0.9
97 info uninstall rationals@0.0.13
98 info uninstall momentum@0.0.9
99 verbose true,/home/ashnur/work/vatrix/node_modules,/home/ashnur/work/vatrix/node_modules unbuild rationals@0.0.13
100 info postuninstall rationals@0.0.13
101 verbose true,/home/ashnur/work/vatrix/node_modules,/home/ashnur/work/vatrix/node_modules unbuild momentum@0.0.9
102 info postuninstall momentum@0.0.9
103 verbose tar unpack /home/ashnur/.npm/momentum/0.0.11/package.tgz
104 silly lockFile 5647ffb3-ork-vatrix-node-modules-momentum /home/ashnur/work/vatrix/node_modules/momentum
105 verbose lock /home/ashnur/work/vatrix/node_modules/momentum /home/ashnur/.npm/5647ffb3-ork-vatrix-node-modules-momentum.lock
106 silly lockFile 956bad57--npm-momentum-0-0-11-package-tgz /home/ashnur/.npm/momentum/0.0.11/package.tgz
107 verbose lock /home/ashnur/.npm/momentum/0.0.11/package.tgz /home/ashnur/.npm/956bad57--npm-momentum-0-0-11-package-tgz.lock
108 silly gunzTarPerm modes [ '755', '644' ]
109 silly gunzTarPerm extractEntry package.json
110 silly gunzTarPerm extractEntry README.md
111 silly gunzTarPerm extractEntry index.js
112 silly gunzTarPerm extractEntry test/test.js
113 verbose tar unpack /home/ashnur/.npm/rationals/0.0.14/package.tgz
114 silly lockFile 0ce9ba71-rk-vatrix-node-modules-rationals /home/ashnur/work/vatrix/node_modules/rationals
115 verbose lock /home/ashnur/work/vatrix/node_modules/rationals /home/ashnur/.npm/0ce9ba71-rk-vatrix-node-modules-rationals.lock
116 silly lockFile 46d080d3-npm-rationals-0-0-14-package-tgz /home/ashnur/.npm/rationals/0.0.14/package.tgz
117 verbose lock /home/ashnur/.npm/rationals/0.0.14/package.tgz /home/ashnur/.npm/46d080d3-npm-rationals-0-0-14-package-tgz.lock
118 silly gunzTarPerm modes [ '755', '644' ]
119 silly gunzTarPerm extractEntry package.json
120 silly gunzTarPerm extractEntry README.md
121 silly gunzTarPerm extractEntry index.js
122 silly gunzTarPerm extractEntry test/test.js
123 verbose read json /home/ashnur/work/vatrix/node_modules/momentum/package.json
124 silly lockFile 5647ffb3-ork-vatrix-node-modules-momentum /home/ashnur/work/vatrix/node_modules/momentum
125 silly lockFile 5647ffb3-ork-vatrix-node-modules-momentum /home/ashnur/work/vatrix/node_modules/momentum
126 silly lockFile 956bad57--npm-momentum-0-0-11-package-tgz /home/ashnur/.npm/momentum/0.0.11/package.tgz
127 silly lockFile 956bad57--npm-momentum-0-0-11-package-tgz /home/ashnur/.npm/momentum/0.0.11/package.tgz
128 info preinstall momentum@0.0.11
129 verbose from cache /home/ashnur/work/vatrix/node_modules/momentum/package.json
130 verbose readDependencies using package.json deps
131 verbose from cache /home/ashnur/work/vatrix/node_modules/momentum/package.json
132 verbose readDependencies using package.json deps
133 silly resolved []
134 verbose about to build /home/ashnur/work/vatrix/node_modules/momentum
135 info build /home/ashnur/work/vatrix/node_modules/momentum
136 verbose from cache /home/ashnur/work/vatrix/node_modules/momentum/package.json
137 verbose linkStuff [ false, false, false, '/home/ashnur/work/vatrix/node_modules' ]
138 info linkStuff momentum@0.0.11
139 verbose linkBins momentum@0.0.11
140 verbose linkMans momentum@0.0.11
141 verbose rebuildBundles momentum@0.0.11
142 info install momentum@0.0.11
143 info postinstall momentum@0.0.11
144 verbose read json /home/ashnur/work/vatrix/node_modules/rationals/package.json
145 silly lockFile 0ce9ba71-rk-vatrix-node-modules-rationals /home/ashnur/work/vatrix/node_modules/rationals
146 silly lockFile 0ce9ba71-rk-vatrix-node-modules-rationals /home/ashnur/work/vatrix/node_modules/rationals
147 silly lockFile 46d080d3-npm-rationals-0-0-14-package-tgz /home/ashnur/.npm/rationals/0.0.14/package.tgz
148 silly lockFile 46d080d3-npm-rationals-0-0-14-package-tgz /home/ashnur/.npm/rationals/0.0.14/package.tgz
149 info preinstall rationals@0.0.14
150 verbose from cache /home/ashnur/work/vatrix/node_modules/rationals/package.json
151 verbose readDependencies using package.json deps
152 verbose from cache /home/ashnur/work/vatrix/node_modules/rationals/package.json
153 verbose readDependencies using package.json deps
154 verbose cache add [ 'totemizer@0.0.4', null ]
155 verbose cache add name=undefined spec="totemizer@0.0.4" args=["totemizer@0.0.4",null]
156 verbose parsed url { protocol: null,
156 verbose parsed url   slashes: null,
156 verbose parsed url   auth: null,
156 verbose parsed url   host: null,
156 verbose parsed url   port: null,
156 verbose parsed url   hostname: null,
156 verbose parsed url   hash: null,
156 verbose parsed url   search: null,
156 verbose parsed url   query: null,
156 verbose parsed url   pathname: 'totemizer@0.0.4',
156 verbose parsed url   path: 'totemizer@0.0.4',
156 verbose parsed url   href: 'totemizer@0.0.4' }
157 verbose cache add name="totemizer" spec="0.0.4" args=["totemizer","0.0.4"]
158 verbose parsed url { protocol: null,
158 verbose parsed url   slashes: null,
158 verbose parsed url   auth: null,
158 verbose parsed url   host: null,
158 verbose parsed url   port: null,
158 verbose parsed url   hostname: null,
158 verbose parsed url   hash: null,
158 verbose parsed url   search: null,
158 verbose parsed url   query: null,
158 verbose parsed url   pathname: '0.0.4',
158 verbose parsed url   path: '0.0.4',
158 verbose parsed url   href: '0.0.4' }
159 verbose addNamed [ 'totemizer', '0.0.4' ]
160 verbose addNamed [ '0.0.4', '0.0.4' ]
161 silly lockFile ae5e8ccf-totemizer-0-0-4 totemizer@0.0.4
162 verbose lock totemizer@0.0.4 /home/ashnur/.npm/ae5e8ccf-totemizer-0-0-4.lock
163 verbose cache add [ 'boo@~1.2.4', null ]
164 verbose cache add name=undefined spec="boo@~1.2.4" args=["boo@~1.2.4",null]
165 verbose parsed url { protocol: null,
165 verbose parsed url   slashes: null,
165 verbose parsed url   auth: null,
165 verbose parsed url   host: null,
165 verbose parsed url   port: null,
165 verbose parsed url   hostname: null,
165 verbose parsed url   hash: null,
165 verbose parsed url   search: null,
165 verbose parsed url   query: null,
165 verbose parsed url   pathname: 'boo@~1.2.4',
165 verbose parsed url   path: 'boo@~1.2.4',
165 verbose parsed url   href: 'boo@~1.2.4' }
166 verbose cache add name="boo" spec="~1.2.4" args=["boo","~1.2.4"]
167 verbose parsed url { protocol: null,
167 verbose parsed url   slashes: null,
167 verbose parsed url   auth: null,
167 verbose parsed url   host: null,
167 verbose parsed url   port: null,
167 verbose parsed url   hostname: null,
167 verbose parsed url   hash: null,
167 verbose parsed url   search: null,
167 verbose parsed url   query: null,
167 verbose parsed url   pathname: '~1.2.4',
167 verbose parsed url   path: '~1.2.4',
167 verbose parsed url   href: '~1.2.4' }
168 verbose addNamed [ 'boo', '~1.2.4' ]
169 verbose addNamed [ null, '>=1.2.4- <1.3.0-' ]
170 silly lockFile fa93240e-boo-1-2-4 boo@~1.2.4
171 verbose lock boo@~1.2.4 /home/ashnur/.npm/fa93240e-boo-1-2-4.lock
172 silly addNameRange { name: 'boo', range: '>=1.2.4- <1.3.0-', hasData: false }
173 verbose url raw totemizer/0.0.4
174 verbose url resolving [ 'https://registry.npmjs.org/', './totemizer/0.0.4' ]
175 verbose url resolved https://registry.npmjs.org/totemizer/0.0.4
176 info trying registry request attempt 1 at 15:50:53
177 verbose etag "422YRSB8I2Q3R2CFCFSHRWOBZ"
178 http GET https://registry.npmjs.org/totemizer/0.0.4
179 verbose url raw boo
180 verbose url resolving [ 'https://registry.npmjs.org/', './boo' ]
181 verbose url resolved https://registry.npmjs.org/boo
182 info trying registry request attempt 1 at 15:50:53
183 verbose etag "3V7BN07XLWTAJYLAHQZ78S4WU"
184 http GET https://registry.npmjs.org/boo
185 http 304 https://registry.npmjs.org/totemizer/0.0.4
186 silly registry.get cb [ 304,
186 silly registry.get   { server: 'CouchDB/1.2.1 (Erlang OTP/R15B03)',
186 silly registry.get     etag: '"422YRSB8I2Q3R2CFCFSHRWOBZ"',
186 silly registry.get     date: 'Tue, 26 Mar 2013 13:50:52 GMT',
186 silly registry.get     'content-length': '0' } ]
187 verbose etag totemizer/0.0.4 from cache
188 verbose read json /home/ashnur/.npm/totemizer/0.0.4/package/package.json
189 silly lockFile ae5e8ccf-totemizer-0-0-4 totemizer@0.0.4
190 silly lockFile ae5e8ccf-totemizer-0-0-4 totemizer@0.0.4
191 http 304 https://registry.npmjs.org/boo
192 silly registry.get cb [ 304,
192 silly registry.get   { server: 'CouchDB/1.2.1 (Erlang OTP/R15B03)',
192 silly registry.get     etag: '"3V7BN07XLWTAJYLAHQZ78S4WU"',
192 silly registry.get     date: 'Tue, 26 Mar 2013 13:50:52 GMT',
192 silly registry.get     'content-length': '0' } ]
193 verbose etag boo from cache
194 silly addNameRange number 2 { name: 'boo', range: '>=1.2.4- <1.3.0-', hasData: true }
195 silly addNameRange versions [ 'boo',
195 silly addNameRange   [ '0.1.0', '1.1.0', '1.2.0', '1.2.1', '1.2.2', '1.2.3', '1.2.4' ] ]
196 verbose addNamed [ 'boo', '1.2.4' ]
197 verbose addNamed [ '1.2.4', '1.2.4' ]
198 silly lockFile e040d124-boo-1-2-4 boo@1.2.4
199 verbose lock boo@1.2.4 /home/ashnur/.npm/e040d124-boo-1-2-4.lock
200 verbose read json /home/ashnur/.npm/boo/1.2.4/package/package.json
201 silly lockFile e040d124-boo-1-2-4 boo@1.2.4
202 silly lockFile e040d124-boo-1-2-4 boo@1.2.4
203 silly lockFile fa93240e-boo-1-2-4 boo@~1.2.4
204 silly lockFile fa93240e-boo-1-2-4 boo@~1.2.4
205 silly resolved [ { name: 'totemizer',
205 silly resolved     version: '0.0.4',
205 silly resolved     description: 'my essential toolkit',
205 silly resolved     main: 'index.js',
205 silly resolved     directories: { test: 'test' },
205 silly resolved     dependencies: { 'expect.js': '~0.2.0', 'es5-shim': '~2.0.8' },
205 silly resolved     devDependencies: {},
205 silly resolved     scripts: { test: 'mocha' },
205 silly resolved     repository: '',
205 silly resolved     keywords: [ 'toolkit' ],
205 silly resolved     author: { name: 'ashnur' },
205 silly resolved     license: 'DAFUQ',
205 silly resolved     readme: 'Some functions I need, but haven\'t found a good place for them, yet.\n',
205 silly resolved     readmeFilename: 'README.md',
205 silly resolved     _id: 'totemizer@0.0.4',
205 silly resolved     _from: 'totemizer@0.0.4' },
205 silly resolved   { name: 'boo',
205 silly resolved     version: '1.2.4',
205 silly resolved     author:
205 silly resolved      { name: 'Quildreen "Sorella" Motta',
205 silly resolved        email: 'quildreen@gmail.com' },
205 silly resolved     description: 'Core prototypical primitives for Object Orientation/Composition.',
205 silly resolved     repository: { type: 'git', url: 'http://github.com/killdream/boo.git' },
205 silly resolved     bugs: { url: 'http://github.com/killdream/boo/issues' },
205 silly resolved     scripts: { test: 'mocha', benchmark: 'node ./test/benchmarks/suite' },
205 silly resolved     main: './lib/boo.js',
205 silly resolved     keywords: [ 'object orientation', 'oop', 'mixins', 'prototypes' ],
205 silly resolved     licence: 'MIT',
205 silly resolved     devDependencies:
205 silly resolved      { mocha: '~1.7.4',
205 silly resolved        should: '~1.2.1',
205 silly resolved        benchmark: '~1.0.0',
205 silly resolved        microtime: '~0.3.3' },
205 silly resolved     contributors: [ [Object] ],
205 silly resolved     readme: 'Boo\n===\n\nBoo provides utilities to structure a program by means of prototypical\nobject orientation and object composition, in an easy way. It provides\nyou with inheritance, composition and mixin facilities, all packaged in\na nice API.\n\n    var Animal = boo.Base.derive({\n      name: \'Unknow\'\n    \n    , say:\n      function say(thing) {\n        return this.name + \': \' + thing }\n    })\n    \n    var Cat = Animal.derive({\n      init:\n      function init(name) {\n        if (name) this.name = name }\n    })\n    \n    var nyah = Cat.make(\'Nyan Cat\')\n    nyah.say(\'Nyan nyan nyan~\')\n\n\nInstalling\n----------\n\nWith Node.js and NPM, you can do the easy-modo install:\n\n    $ npm install boo\n    # then require it as usual\n    node> var boo = require(\'boo\')\n\nIn the browser, you have to include the script tag pointing to the\n`boo.js` file:\n\n    <script src="/path/to/boo.js"></script>\n    <script type="text/javascript">\n      // `boo\' is in the global scope now\n    </script>\n\n\nTesting\n-------\n\nBoo\'s test cases use [Mocha][] with the BDD assertion module\n[should.js][]. For testing on Node.js, you can just grab the module from\nNPM and run the test cases by issuing `mocha` from the command line:\n\n    $ sudo npm install -g mocha\n    $ mocha\n\n[Mocha]: visionmedia.github.com/mocha/\n[should.js]: https://github.com/visionmedia/should.js\n\n\nLearning\n--------\n\nBoo ships with a [full narrated reference manual][ref], covering the\nconcepts and designs you need to know to use the library effectively.\nYou can either read it online, or locally — from the file \n`docs/build/html/index.html`. \n\nAdditionally, you can read the following introduction to Boo:\n\n- [Yay for sugary JavaScript OO][intro]\n\n\n[ref]: http://boo.readthedocs.org/\n[intro]: http://killdream.github.com/blog/2011/11/for-sugary-object-oriented-js/index.html\n\n\nGetting support\n---------------\n\nBoo uses the [Github tracker][] for tracking bugs and new features.\n\n[Github tracker]: https://github.com/Orphoundation/boo/issues\n\n\nLicence\n-------\n\nMIT/X11.\n',
205 silly resolved     readmeFilename: 'README.md',
205 silly resolved     _id: 'boo@1.2.4',
205 silly resolved     _from: 'boo@~1.2.4' } ]
206 info install totemizer@0.0.4 into /home/ashnur/work/vatrix/node_modules/rationals
207 info install boo@1.2.4 into /home/ashnur/work/vatrix/node_modules/rationals
208 info installOne totemizer@0.0.4
209 info installOne boo@1.2.4
210 verbose from cache /home/ashnur/.npm/totemizer/0.0.4/package/package.json
211 info /home/ashnur/work/vatrix/node_modules/rationals/node_modules/totemizer unbuild
212 verbose read json /home/ashnur/work/vatrix/node_modules/rationals/node_modules/totemizer/package.json
213 verbose from cache /home/ashnur/.npm/boo/1.2.4/package/package.json
214 info /home/ashnur/work/vatrix/node_modules/rationals/node_modules/boo unbuild
215 verbose read json /home/ashnur/work/vatrix/node_modules/rationals/node_modules/boo/package.json
216 verbose tar unpack /home/ashnur/.npm/totemizer/0.0.4/package.tgz
217 silly lockFile 2a9fdd42-rationals-node-modules-totemizer /home/ashnur/work/vatrix/node_modules/rationals/node_modules/totemizer
218 verbose lock /home/ashnur/work/vatrix/node_modules/rationals/node_modules/totemizer /home/ashnur/.npm/2a9fdd42-rationals-node-modules-totemizer.lock
219 silly lockFile 7f3e1ee4--npm-totemizer-0-0-4-package-tgz /home/ashnur/.npm/totemizer/0.0.4/package.tgz
220 verbose lock /home/ashnur/.npm/totemizer/0.0.4/package.tgz /home/ashnur/.npm/7f3e1ee4--npm-totemizer-0-0-4-package-tgz.lock
221 verbose tar unpack /home/ashnur/.npm/boo/1.2.4/package.tgz
222 silly lockFile 0354130f-dules-rationals-node-modules-boo /home/ashnur/work/vatrix/node_modules/rationals/node_modules/boo
223 verbose lock /home/ashnur/work/vatrix/node_modules/rationals/node_modules/boo /home/ashnur/.npm/0354130f-dules-rationals-node-modules-boo.lock
224 silly lockFile 3b146b40-ashnur-npm-boo-1-2-4-package-tgz /home/ashnur/.npm/boo/1.2.4/package.tgz
225 verbose lock /home/ashnur/.npm/boo/1.2.4/package.tgz /home/ashnur/.npm/3b146b40-ashnur-npm-boo-1-2-4-package-tgz.lock
226 silly gunzTarPerm modes [ '755', '644' ]
227 silly gunzTarPerm modes [ '755', '644' ]
228 silly gunzTarPerm extractEntry package.json
229 silly gunzTarPerm extractEntry package.json
230 silly gunzTarPerm extractEntry README.md
231 silly gunzTarPerm extractEntry index.js
232 silly gunzTarPerm extractEntry .npmignore
233 silly gunzTarPerm extractEntry README.md
234 silly gunzTarPerm extractEntry test/test.js
235 silly gunzTarPerm extractEntry LICENCE
236 silly gunzTarPerm extractEntry AUTHORS
237 silly gunzTarPerm extractEntry .hgtags
238 silly gunzTarPerm extractEntry .nojekyll
239 silly gunzTarPerm extractEntry index.html
240 silly gunzTarPerm extractEntry lib/boo.js
241 silly gunzTarPerm extractEntry .hgsubstate
242 verbose read json /home/ashnur/work/vatrix/node_modules/rationals/node_modules/totemizer/package.json
243 silly gunzTarPerm extractEntry test/boo-core.js
244 silly gunzTarPerm extractEntry test/benchmarks/extending.js
245 silly lockFile 2a9fdd42-rationals-node-modules-totemizer /home/ashnur/work/vatrix/node_modules/rationals/node_modules/totemizer
246 silly lockFile 2a9fdd42-rationals-node-modules-totemizer /home/ashnur/work/vatrix/node_modules/rationals/node_modules/totemizer
247 silly lockFile 7f3e1ee4--npm-totemizer-0-0-4-package-tgz /home/ashnur/.npm/totemizer/0.0.4/package.tgz
248 silly lockFile 7f3e1ee4--npm-totemizer-0-0-4-package-tgz /home/ashnur/.npm/totemizer/0.0.4/package.tgz
249 silly gunzTarPerm extractEntry test/benchmarks/instantiation.js
250 silly gunzTarPerm extractEntry test/benchmarks/suite.js
251 info preinstall totemizer@0.0.4
252 verbose from cache /home/ashnur/work/vatrix/node_modules/rationals/node_modules/totemizer/package.json
253 silly gunzTarPerm extractEntry test/mocha.opts
254 verbose readDependencies using package.json deps
255 verbose from cache /home/ashnur/work/vatrix/node_modules/rationals/node_modules/totemizer/package.json
256 verbose readDependencies using package.json deps
257 verbose cache add [ 'es5-shim@~2.0.8', null ]
258 verbose cache add name=undefined spec="es5-shim@~2.0.8" args=["es5-shim@~2.0.8",null]
259 verbose parsed url { protocol: null,
259 verbose parsed url   slashes: null,
259 verbose parsed url   auth: null,
259 verbose parsed url   host: null,
259 verbose parsed url   port: null,
259 verbose parsed url   hostname: null,
259 verbose parsed url   hash: null,
259 verbose parsed url   search: null,
259 verbose parsed url   query: null,
259 verbose parsed url   pathname: 'es5-shim@~2.0.8',
259 verbose parsed url   path: 'es5-shim@~2.0.8',
259 verbose parsed url   href: 'es5-shim@~2.0.8' }
260 verbose cache add name="es5-shim" spec="~2.0.8" args=["es5-shim","~2.0.8"]
261 verbose parsed url { protocol: null,
261 verbose parsed url   slashes: null,
261 verbose parsed url   auth: null,
261 verbose parsed url   host: null,
261 verbose parsed url   port: null,
261 verbose parsed url   hostname: null,
261 verbose parsed url   hash: null,
261 verbose parsed url   search: null,
261 verbose parsed url   query: null,
261 verbose parsed url   pathname: '~2.0.8',
261 verbose parsed url   path: '~2.0.8',
261 verbose parsed url   href: '~2.0.8' }
262 verbose addNamed [ 'es5-shim', '~2.0.8' ]
263 verbose addNamed [ null, '>=2.0.8- <2.1.0-' ]
264 silly lockFile 2f059638-es5-shim-2-0-8 es5-shim@~2.0.8
265 verbose lock es5-shim@~2.0.8 /home/ashnur/.npm/2f059638-es5-shim-2-0-8.lock
266 silly addNameRange { name: 'es5-shim', range: '>=2.0.8- <2.1.0-', hasData: false }
267 verbose url raw es5-shim
268 verbose url resolving [ 'https://registry.npmjs.org/', './es5-shim' ]
269 verbose url resolved https://registry.npmjs.org/es5-shim
270 info trying registry request attempt 1 at 15:50:54
271 verbose etag "9MWA7LOEHGZ1GT2FPZR0B1J6R"
272 http GET https://registry.npmjs.org/es5-shim
273 verbose read json /home/ashnur/work/vatrix/node_modules/rationals/node_modules/boo/package.json
274 silly lockFile 0354130f-dules-rationals-node-modules-boo /home/ashnur/work/vatrix/node_modules/rationals/node_modules/boo
275 silly lockFile 0354130f-dules-rationals-node-modules-boo /home/ashnur/work/vatrix/node_modules/rationals/node_modules/boo
276 silly lockFile 3b146b40-ashnur-npm-boo-1-2-4-package-tgz /home/ashnur/.npm/boo/1.2.4/package.tgz
277 silly lockFile 3b146b40-ashnur-npm-boo-1-2-4-package-tgz /home/ashnur/.npm/boo/1.2.4/package.tgz
278 info preinstall boo@1.2.4
279 verbose from cache /home/ashnur/work/vatrix/node_modules/rationals/node_modules/boo/package.json
280 verbose readDependencies using package.json deps
281 verbose from cache /home/ashnur/work/vatrix/node_modules/rationals/node_modules/boo/package.json
282 verbose readDependencies using package.json deps
283 silly resolved []
284 verbose about to build /home/ashnur/work/vatrix/node_modules/rationals/node_modules/boo
285 info build /home/ashnur/work/vatrix/node_modules/rationals/node_modules/boo
286 verbose from cache /home/ashnur/work/vatrix/node_modules/rationals/node_modules/boo/package.json
287 verbose linkStuff [ false,
287 verbose linkStuff   false,
287 verbose linkStuff   false,
287 verbose linkStuff   '/home/ashnur/work/vatrix/node_modules/rationals/node_modules' ]
288 info linkStuff boo@1.2.4
289 verbose linkBins boo@1.2.4
290 verbose linkMans boo@1.2.4
291 verbose rebuildBundles boo@1.2.4
292 info install boo@1.2.4
293 info postinstall boo@1.2.4
294 http 304 https://registry.npmjs.org/es5-shim
295 silly registry.get cb [ 304,
295 silly registry.get   { server: 'CouchDB/1.2.1 (Erlang OTP/R15B03)',
295 silly registry.get     etag: '"9MWA7LOEHGZ1GT2FPZR0B1J6R"',
295 silly registry.get     date: 'Tue, 26 Mar 2013 13:50:54 GMT',
295 silly registry.get     'content-length': '0' } ]
296 verbose etag es5-shim from cache
297 silly addNameRange number 2 { name: 'es5-shim', range: '>=2.0.8- <2.1.0-', hasData: true }
298 silly addNameRange versions [ 'es5-shim',
298 silly addNameRange   [ '0.0.0',
298 silly addNameRange     '0.0.1',
298 silly addNameRange     '0.0.2',
298 silly addNameRange     '0.0.3',
298 silly addNameRange     '0.0.4',
298 silly addNameRange     '1.0.0',
298 silly addNameRange     '1.2.2',
298 silly addNameRange     '1.2.3',
298 silly addNameRange     '1.2.4',
298 silly addNameRange     '1.2.6',
298 silly addNameRange     '1.2.7',
298 silly addNameRange     '1.2.8',
298 silly addNameRange     '1.2.9',
298 silly addNameRange     '1.2.10',
298 silly addNameRange     '2.0.0',
298 silly addNameRange     '2.0.1',
298 silly addNameRange     '2.0.2',
298 silly addNameRange     '2.0.3',
298 silly addNameRange     '2.0.4',
298 silly addNameRange     '2.0.5',
298 silly addNameRange     '2.0.7',
298 silly addNameRange     '2.0.8' ] ]
299 verbose addNamed [ 'es5-shim', '2.0.8' ]
300 verbose addNamed [ '2.0.8', '2.0.8' ]
301 silly lockFile 92a382df-es5-shim-2-0-8 es5-shim@2.0.8
302 verbose lock es5-shim@2.0.8 /home/ashnur/.npm/92a382df-es5-shim-2-0-8.lock
303 verbose read json /home/ashnur/.npm/es5-shim/2.0.8/package/package.json
304 silly lockFile 92a382df-es5-shim-2-0-8 es5-shim@2.0.8
305 silly lockFile 92a382df-es5-shim-2-0-8 es5-shim@2.0.8
306 silly lockFile 2f059638-es5-shim-2-0-8 es5-shim@~2.0.8
307 silly lockFile 2f059638-es5-shim-2-0-8 es5-shim@~2.0.8
308 silly resolved [ { name: 'es5-shim',
308 silly resolved     version: '2.0.8',
308 silly resolved     description: 'ES5 as implementable on previous engines',
308 silly resolved     homepage: 'http://github.com/kriskowal/es5-shim/',
308 silly resolved     contributors: [ [Object], [Object], [Object], [Object], [Object] ],
308 silly resolved     bugs:
308 silly resolved      { mail: 'kris@cixar.com',
308 silly resolved        url: 'http://github.com/kriskowal/es5-shim/issues' },
308 silly resolved     licenses: [ [Object] ],
308 silly resolved     main: 'es5-shim.js',
308 silly resolved     repository: { type: 'git', url: 'http://github.com/kriskowal/es5-shim.git' },
308 silly resolved     engines: { node: '>=0.2.0' },
308 silly resolved     readme: '\n`es5-shim.js` and `es5-shim.min.js` monkey-patch a JavaScript context to\ncontain all EcmaScript 5 methods that can be faithfully emulated with a\nlegacy JavaScript engine.\n\n`es5-sham.js` and `es5-sham.min.js` monkey-patch other ES5 methods as\nclosely as possible.  For these methods, as closely as possible to ES5\nis not very close.  Many of these shams are intended only to allow code\nto be written to ES5 without causing run-time errors in older engines.\nIn many cases, this means that these shams cause many ES5 methods to\nsilently fail.  Decide carefully whether this is what you want.\n\n\n## Tests\n\nThe tests are written with the Jasmine BDD test framework.\nTo run the tests, navigate to <root-folder>/tests/. \n\nIn order to run against the shim-code, the tests attempt to kill the current \nimplementation of the missing methods. This happens in <root-folder>/tests/helpers/h-kill.js.\nSo in order to run the tests against the build-in methods, invalidate that file somehow\n(comment-out, delete the file, delete the script-tag, etc.).\n\n## Shims\n\n### Complete tests ###\n\n* Array.prototype.every\n* Array.prototype.filter\n* Array.prototype.forEach\n* Array.prototype.indexOf\n* Array.prototype.lastIndexOf\n* Array.prototype.map\n* Array.prototype.some\n* Array.prototype.reduce\n* Array.prototype.reduceRight\n* Array.isArray\n* Date.now\n* Date.prototype.toJSON\n* Function.prototype.bind\n    * /!\\ Caveat: the bound function\'s length is always 0.\n    * /!\\ Caveat: the bound function has a prototype property.\n    * /!\\ Caveat: bound functions do not try too hard to keep you\n      from manipulating their ``arguments`` and ``caller`` properties.\n    * /!\\ Caveat: bound functions don\'t have checks in ``call`` and\n      ``apply`` to avoid executing as a constructor.\n* Object.keys\n* String.prototype.trim\n\n### Untested ###\n\n* Date.parse (for ISO parsing)\n* Date.prototype.toISOString\n\n## Shams\n\n* /?\\ Object.create\n\n    For the case of simply "begetting" an object that\n    inherits prototypically from another, this should work\n    fine across legacy engines.\n\n    /!\\ Object.create(null) will work only in browsers that\n    support prototype assignment.  This creates an object\n    that does not have any properties inherited from\n    Object.prototype.  It will silently fail otherwise.\n\n    /!\\ The second argument is passed to\n    Object.defineProperties which will probably fail\n    silently.\n\n* /?\\ Object.getPrototypeOf\n\n    This will return "undefined" in some cases.  It uses\n    __proto__ if it\'s available.  Failing that, it uses\n    constructor.prototype, which depends on the constructor\n    property of the object\'s prototype having not been\n    replaced.  If your object was created like this, it\n    won\'t work:\n\n        function Foo() {\n        }\n        Foo.prototype = {};\n\n    Because the prototype reassignment destroys the\n    constructor property.\n\n    This will work for all objects that were created using\n    `Object.create` implemented with this library.\n\n* /!\\ Object.getOwnPropertyNames\n\n    This method uses Object.keys, so it will not be accurate\n    on legacy engines.\n\n* Object.isSealed\n\n    Returns "false" in all legacy engines for all objects,\n    which is conveniently guaranteed to be accurate.\n\n* Object.isFrozen\n\n    Returns "false" in all legacy engines for all objects,\n    which is conveniently guaranteed to be accurate.\n\n* Object.isExtensible\n\n    Works like a charm, by trying very hard to extend the\n    object then redacting the extension.\n\n### Fail silently\n\n* /!\\ Object.getOwnPropertyDescriptor\n    \n    The behavior of this shim does not conform to ES5.  It\n    should probably not be used at this time, until its\n    behavior has been reviewed and been confirmed to be\n    useful in legacy engines.\n\n* /!\\ Object.defineProperty\n\n    This method will silently fail to set "writable",\n    "enumerable", and "configurable" properties.\n    \n    Providing a getter or setter with "get" or "set" on a\n    descriptor will silently fail on engines that lack\n    "__defineGetter__" and "__defineSetter__", which include\n    all versions of IE up to version 8 so far.\n\n    IE 8 provides a version of this method but it only works\n    on DOM objects.  Thus, the shim will not get installed\n    and attempts to set "value" properties will fail\n    silently on non-DOM objects.\n\n    https://github.com/kriskowal/es5-shim/issues#issue/5\n\n* /!\\ Object.defineProperties\n\n    This uses the Object.defineProperty shim\n\n* Object.seal\n\n    Silently fails on all legacy engines.  This should be\n    fine unless you are depending on the safety and security\n    provisions of this method, which you cannot possibly\n    obtain in legacy engines.\n\n* Object.freeze\n\n    Silently fails on all legacy engines.  This should be\n    fine unless you are depending on the safety and security\n    provisions of this method, which you cannot possibly\n    obtain in legacy engines.\n\n* Object.preventExtensions\n\n    Silently fails on all legacy engines.  This should be\n    fine unless you are depending on the safety and security\n    provisions of this method, which you cannot possibly\n    obtain in legacy engines.\n\n',
308 silly resolved     readmeFilename: 'README.md',
308 silly resolved     _id: 'es5-shim@2.0.8',
308 silly resolved     _from: 'es5-shim@~2.0.8' } ]
309 info install es5-shim@2.0.8 into /home/ashnur/work/vatrix/node_modules/rationals/node_modules/totemizer
310 info installOne es5-shim@2.0.8
311 verbose from cache /home/ashnur/.npm/es5-shim/2.0.8/package/package.json
312 info /home/ashnur/work/vatrix/node_modules/rationals/node_modules/totemizer/node_modules/es5-shim unbuild
313 verbose read json /home/ashnur/work/vatrix/node_modules/rationals/node_modules/totemizer/node_modules/es5-shim/package.json
314 verbose tar unpack /home/ashnur/.npm/es5-shim/2.0.8/package.tgz
315 silly lockFile fa1d7241--totemizer-node-modules-es5-shim /home/ashnur/work/vatrix/node_modules/rationals/node_modules/totemizer/node_modules/es5-shim
316 verbose lock /home/ashnur/work/vatrix/node_modules/rationals/node_modules/totemizer/node_modules/es5-shim /home/ashnur/.npm/fa1d7241--totemizer-node-modules-es5-shim.lock
317 silly lockFile 3a8b281f-r-npm-es5-shim-2-0-8-package-tgz /home/ashnur/.npm/es5-shim/2.0.8/package.tgz
318 verbose lock /home/ashnur/.npm/es5-shim/2.0.8/package.tgz /home/ashnur/.npm/3a8b281f-r-npm-es5-shim-2-0-8-package-tgz.lock
319 silly gunzTarPerm modes [ '755', '644' ]
320 silly gunzTarPerm extractEntry package.json
321 silly gunzTarPerm extractEntry .npmignore
322 silly gunzTarPerm extractEntry README.md
323 silly gunzTarPerm extractEntry LICENSE
324 silly gunzTarPerm extractEntry es5-sham.js
325 silly gunzTarPerm extractEntry es5-shim.min.js
326 silly gunzTarPerm extractEntry es5-shim.js
327 silly gunzTarPerm extractEntry es5-sham.min.js
328 silly gunzTarPerm extractEntry CHANGES
329 silly gunzTarPerm extractEntry minify
330 silly gunzTarPerm extractEntry CONTRIBUTORS.md
331 silly gunzTarPerm extractEntry tests/helpers/h-kill.js
332 silly gunzTarPerm extractEntry tests/helpers/h-matchers.js
333 silly gunzTarPerm extractEntry tests/helpers/h.js
334 silly gunzTarPerm extractEntry tests/index.html
335 silly gunzTarPerm extractEntry tests/lib/jasmine-html.js
336 silly gunzTarPerm extractEntry tests/lib/jasmine.js
337 silly gunzTarPerm extractEntry tests/lib/json2.js
338 silly gunzTarPerm extractEntry tests/lib/jasmine.css
339 silly gunzTarPerm extractEntry tests/lib/jasmine_favicon.png
340 silly gunzTarPerm extractEntry tests/spec/s-array.js
341 silly gunzTarPerm extractEntry tests/spec/s-date.js
342 silly gunzTarPerm extractEntry tests/spec/s-function.js
343 silly gunzTarPerm extractEntry tests/spec/s-object.js
344 silly gunzTarPerm extractEntry tests/spec/s-string.js
345 verbose read json /home/ashnur/work/vatrix/node_modules/rationals/node_modules/totemizer/node_modules/es5-shim/package.json
346 silly lockFile fa1d7241--totemizer-node-modules-es5-shim /home/ashnur/work/vatrix/node_modules/rationals/node_modules/totemizer/node_modules/es5-shim
347 silly lockFile fa1d7241--totemizer-node-modules-es5-shim /home/ashnur/work/vatrix/node_modules/rationals/node_modules/totemizer/node_modules/es5-shim
348 silly lockFile 3a8b281f-r-npm-es5-shim-2-0-8-package-tgz /home/ashnur/.npm/es5-shim/2.0.8/package.tgz
349 silly lockFile 3a8b281f-r-npm-es5-shim-2-0-8-package-tgz /home/ashnur/.npm/es5-shim/2.0.8/package.tgz
350 info preinstall es5-shim@2.0.8
351 verbose from cache /home/ashnur/work/vatrix/node_modules/rationals/node_modules/totemizer/node_modules/es5-shim/package.json
352 verbose readDependencies using package.json deps
353 verbose from cache /home/ashnur/work/vatrix/node_modules/rationals/node_modules/totemizer/node_modules/es5-shim/package.json
354 verbose readDependencies using package.json deps
355 silly resolved []
356 verbose about to build /home/ashnur/work/vatrix/node_modules/rationals/node_modules/totemizer/node_modules/es5-shim
357 info build /home/ashnur/work/vatrix/node_modules/rationals/node_modules/totemizer/node_modules/es5-shim
358 verbose from cache /home/ashnur/work/vatrix/node_modules/rationals/node_modules/totemizer/node_modules/es5-shim/package.json
359 verbose linkStuff [ false,
359 verbose linkStuff   false,
359 verbose linkStuff   false,
359 verbose linkStuff   '/home/ashnur/work/vatrix/node_modules/rationals/node_modules/totemizer/node_modules' ]
360 info linkStuff es5-shim@2.0.8
361 verbose linkBins es5-shim@2.0.8
362 verbose linkMans es5-shim@2.0.8
363 verbose rebuildBundles es5-shim@2.0.8
364 info install es5-shim@2.0.8
365 info postinstall es5-shim@2.0.8
366 verbose about to build /home/ashnur/work/vatrix/node_modules/rationals/node_modules/totemizer
367 info build /home/ashnur/work/vatrix/node_modules/rationals/node_modules/totemizer
368 verbose from cache /home/ashnur/work/vatrix/node_modules/rationals/node_modules/totemizer/package.json
369 verbose linkStuff [ false,
369 verbose linkStuff   false,
369 verbose linkStuff   false,
369 verbose linkStuff   '/home/ashnur/work/vatrix/node_modules/rationals/node_modules' ]
370 info linkStuff totemizer@0.0.4
371 verbose linkBins totemizer@0.0.4
372 verbose linkMans totemizer@0.0.4
373 verbose rebuildBundles totemizer@0.0.4
374 verbose rebuildBundles [ 'es5-shim' ]
375 info install totemizer@0.0.4
376 info postinstall totemizer@0.0.4
377 verbose about to build /home/ashnur/work/vatrix/node_modules/rationals
378 info build /home/ashnur/work/vatrix/node_modules/rationals
379 verbose from cache /home/ashnur/work/vatrix/node_modules/rationals/package.json
380 verbose linkStuff [ false, false, false, '/home/ashnur/work/vatrix/node_modules' ]
381 info linkStuff rationals@0.0.14
382 verbose linkBins rationals@0.0.14
383 verbose linkMans rationals@0.0.14
384 verbose rebuildBundles rationals@0.0.14
385 verbose rebuildBundles [ 'boo', 'totemizer' ]
386 info install rationals@0.0.14
387 info postinstall rationals@0.0.14
388 info build /home/ashnur/work/vatrix
389 verbose from cache /home/ashnur/work/vatrix/package.json
390 verbose linkStuff [ false, false, false, '/home/ashnur/work' ]
391 info linkStuff vatrix@0.0.3
392 verbose linkBins vatrix@0.0.3
393 verbose linkMans vatrix@0.0.3
394 verbose rebuildBundles vatrix@0.0.3
395 verbose rebuildBundles [ '.bin',
395 verbose rebuildBundles   'better-stack-traces',
395 verbose rebuildBundles   'expect.js',
395 verbose rebuildBundles   'mocha',
395 verbose rebuildBundles   'momentum',
395 verbose rebuildBundles   'rationals',
395 verbose rebuildBundles   'totemizer' ]
396 verbose rebuild bundle /home/ashnur/work/vatrix/node_modules/better-stack-traces
397 info build /home/ashnur/work/vatrix/node_modules/better-stack-traces
398 verbose from cache /home/ashnur/work/vatrix/node_modules/better-stack-traces/package.json
399 info preinstall better-stack-traces@0.0.4
400 verbose linkStuff [ false, false, false, '/home/ashnur/work/vatrix/node_modules' ]
401 info linkStuff better-stack-traces@0.0.4
402 verbose linkBins better-stack-traces@0.0.4
403 verbose linkMans better-stack-traces@0.0.4
404 verbose rebuildBundles better-stack-traces@0.0.4
405 verbose rebuildBundles [ '.bin', 'coffee-script' ]
406 info install better-stack-traces@0.0.4
407 info postinstall better-stack-traces@0.0.4
408 info install vatrix@0.0.3
409 info postinstall vatrix@0.0.3
410 info prepublish vatrix@0.0.3
411 verbose unsafe-perm in lifecycle true
412 silly exec sh "-c" "npm test"
413 silly sh,-c,npm test,/home/ashnur/work/vatrix spawning
414 info vatrix@0.0.3 Failed to exec prepublish script
415 error vatrix@0.0.3 prepublish: `npm test`
415 error `sh "-c" "npm test"` failed with 1
416 error Failed at the vatrix@0.0.3 prepublish script.
416 error This is most likely a problem with the vatrix package,
416 error not with npm itself.
416 error Tell the author that this fails on your system:
416 error     npm test
416 error You can get their info via:
416 error     npm owner ls vatrix
416 error There is likely additional logging output above.
417 error System Linux 3.7.10-1-ARCH
418 error command "/usr/bin/node" "/usr/bin/npm" "install"
419 error cwd /home/ashnur/work/vatrix
420 error node -v v0.10.0
421 error npm -v 1.2.14
422 error code ELIFECYCLE
423 verbose exit [ 1, true ]
